0 info it worked if it ends with ok
1 verbose cli [ 'C:\\Program Files\\nodejs\\node.exe',
1 verbose cli   'C:\\Users\\fabry\\AppData\\Roaming\\npm\\node_modules\\npm\\bin\\npm-cli.js',
1 verbose cli   'install',
1 verbose cli   'sleep' ]
2 info using npm@3.10.5
3 info using node@v4.4.7
4 silly loadCurrentTree Starting
5 silly install loadCurrentTree
6 silly install readLocalPackageData
7 silly fetchPackageMetaData sleep
8 silly fetchNamedPackageData sleep
9 silly mapToRegistry name sleep
10 silly mapToRegistry using default registry
11 silly mapToRegistry registry https://registry.npmjs.org/
12 silly mapToRegistry data Result {
12 silly mapToRegistry   raw: 'sleep',
12 silly mapToRegistry   scope: null,
12 silly mapToRegistry   escapedName: 'sleep',
12 silly mapToRegistry   name: 'sleep',
12 silly mapToRegistry   rawSpec: '',
12 silly mapToRegistry   spec: 'latest',
12 silly mapToRegistry   type: 'tag' }
13 silly mapToRegistry uri https://registry.npmjs.org/sleep
14 verbose request uri https://registry.npmjs.org/sleep
15 verbose request no auth needed
16 info attempt registry request try #1 at 16:18:47
17 verbose request id 971bfdb18546aea6
18 verbose etag "8IEFEDYWYB38NP701Z30947N8"
19 http request GET https://registry.npmjs.org/sleep
20 http 304 https://registry.npmjs.org/sleep
21 verbose headers { date: 'Sat, 23 Jul 2016 14:18:47 GMT',
21 verbose headers   via: '1.1 varnish',
21 verbose headers   'cache-control': 'max-age=300',
21 verbose headers   etag: '"8IEFEDYWYB38NP701Z30947N8"',
21 verbose headers   age: '17',
21 verbose headers   connection: 'keep-alive',
21 verbose headers   'x-served-by': 'cache-fra1225-FRA',
21 verbose headers   'x-cache': 'HIT',
21 verbose headers   'x-cache-hits': '1',
21 verbose headers   'x-timer': 'S1469283527.313434,VS0,VE0',
21 verbose headers   vary: 'Accept-Encoding' }
22 silly get cb [ 304,
22 silly get   { date: 'Sat, 23 Jul 2016 14:18:47 GMT',
22 silly get     via: '1.1 varnish',
22 silly get     'cache-control': 'max-age=300',
22 silly get     etag: '"8IEFEDYWYB38NP701Z30947N8"',
22 silly get     age: '17',
22 silly get     connection: 'keep-alive',
22 silly get     'x-served-by': 'cache-fra1225-FRA',
22 silly get     'x-cache': 'HIT',
22 silly get     'x-cache-hits': '1',
22 silly get     'x-timer': 'S1469283527.313434,VS0,VE0',
22 silly get     vary: 'Accept-Encoding' } ]
23 verbose etag https://registry.npmjs.org/sleep from cache
24 verbose get saving sleep to C:\Users\fabry\AppData\Roaming\npm-cache\registry.npmjs.org\sleep\.cache.json
25 verbose correctMkdir C:\Users\fabry\AppData\Roaming\npm-cache correctMkdir not in flight; initializing
26 silly install normalizeTree
27 silly loadCurrentTree Finishing
28 silly loadIdealTree Starting
29 silly install loadIdealTree
30 silly cloneCurrentTree Starting
31 silly install cloneCurrentTreeToIdealTree
32 silly cloneCurrentTree Finishing
33 silly loadShrinkwrap Starting
34 silly install loadShrinkwrap
35 silly loadShrinkwrap Finishing
36 silly loadAllDepsIntoIdealTree Starting
37 silly install loadAllDepsIntoIdealTree
38 silly resolveWithNewModule sleep@3.0.1 checking installable status
39 silly cache add args [ 'sleep', null ]
40 verbose cache add spec sleep
41 silly cache add parsed spec Result {
41 silly cache add   raw: 'sleep',
41 silly cache add   scope: null,
41 silly cache add   escapedName: 'sleep',
41 silly cache add   name: 'sleep',
41 silly cache add   rawSpec: '',
41 silly cache add   spec: 'latest',
41 silly cache add   type: 'tag' }
42 silly addNamed sleep@latest
43 verbose addNamed "latest" is being treated as a dist-tag for sleep
44 info addNameTag [ 'sleep', 'latest' ]
45 silly mapToRegistry name sleep
46 silly mapToRegistry using default registry
47 silly mapToRegistry registry https://registry.npmjs.org/
48 silly mapToRegistry data Result {
48 silly mapToRegistry   raw: 'sleep',
48 silly mapToRegistry   scope: null,
48 silly mapToRegistry   escapedName: 'sleep',
48 silly mapToRegistry   name: 'sleep',
48 silly mapToRegistry   rawSpec: '',
48 silly mapToRegistry   spec: 'latest',
48 silly mapToRegistry   type: 'tag' }
49 silly mapToRegistry uri https://registry.npmjs.org/sleep
50 verbose addNameTag registry:https://registry.npmjs.org/sleep not in flight; fetching
51 verbose get https://registry.npmjs.org/sleep not expired, no request
52 silly addNameTag next cb for sleep with tag latest
53 silly addNamed sleep@3.0.1
54 verbose addNamed "3.0.1" is a plain semver version for sleep
55 silly cache afterAdd sleep@3.0.1
56 verbose afterAdd C:\Users\fabry\AppData\Roaming\npm-cache\sleep\3.0.1\package\package.json not in flight; writing
57 verbose correctMkdir C:\Users\fabry\AppData\Roaming\npm-cache correctMkdir not in flight; initializing
58 verbose afterAdd C:\Users\fabry\AppData\Roaming\npm-cache\sleep\3.0.1\package\package.json written
59 silly fetchNamedPackageData nan
60 silly mapToRegistry name nan
61 silly mapToRegistry using default registry
62 silly mapToRegistry registry https://registry.npmjs.org/
63 silly mapToRegistry data Result {
63 silly mapToRegistry   raw: 'nan',
63 silly mapToRegistry   scope: null,
63 silly mapToRegistry   escapedName: 'nan',
63 silly mapToRegistry   name: 'nan',
63 silly mapToRegistry   rawSpec: '',
63 silly mapToRegistry   spec: 'latest',
63 silly mapToRegistry   type: 'tag' }
64 silly mapToRegistry uri https://registry.npmjs.org/nan
65 verbose request uri https://registry.npmjs.org/nan
66 verbose request no auth needed
67 info attempt registry request try #1 at 16:18:47
68 verbose etag "2E1V908MEG33STFNV1760SLVP"
69 http request GET https://registry.npmjs.org/nan
70 http 304 https://registry.npmjs.org/nan
71 verbose headers { date: 'Sat, 23 Jul 2016 14:18:47 GMT',
71 verbose headers   via: '1.1 varnish',
71 verbose headers   'cache-control': 'max-age=300',
71 verbose headers   etag: '"2E1V908MEG33STFNV1760SLVP"',
71 verbose headers   age: '12',
71 verbose headers   connection: 'keep-alive',
71 verbose headers   'x-served-by': 'cache-fra1225-FRA',
71 verbose headers   'x-cache': 'HIT',
71 verbose headers   'x-cache-hits': '1',
71 verbose headers   'x-timer': 'S1469283527.462051,VS0,VE0',
71 verbose headers   vary: 'Accept-Encoding' }
72 silly get cb [ 304,
72 silly get   { date: 'Sat, 23 Jul 2016 14:18:47 GMT',
72 silly get     via: '1.1 varnish',
72 silly get     'cache-control': 'max-age=300',
72 silly get     etag: '"2E1V908MEG33STFNV1760SLVP"',
72 silly get     age: '12',
72 silly get     connection: 'keep-alive',
72 silly get     'x-served-by': 'cache-fra1225-FRA',
72 silly get     'x-cache': 'HIT',
72 silly get     'x-cache-hits': '1',
72 silly get     'x-timer': 'S1469283527.462051,VS0,VE0',
72 silly get     vary: 'Accept-Encoding' } ]
73 verbose etag https://registry.npmjs.org/nan from cache
74 verbose get saving nan to C:\Users\fabry\AppData\Roaming\npm-cache\registry.npmjs.org\nan\.cache.json
75 verbose correctMkdir C:\Users\fabry\AppData\Roaming\npm-cache correctMkdir not in flight; initializing
76 silly resolveWithNewModule nan@2.4.0 checking installable status
77 silly cache add args [ 'nan@>=2.0.0', null ]
78 verbose cache add spec nan@>=2.0.0
79 silly cache add parsed spec Result {
79 silly cache add   raw: 'nan@>=2.0.0',
79 silly cache add   scope: null,
79 silly cache add   escapedName: 'nan',
79 silly cache add   name: 'nan',
79 silly cache add   rawSpec: '>=2.0.0',
79 silly cache add   spec: '>=2.0.0',
79 silly cache add   type: 'range' }
80 silly addNamed nan@>=2.0.0
81 verbose addNamed ">=2.0.0" is a valid semver range for nan
82 silly addNameRange { name: 'nan', range: '>=2.0.0', hasData: false }
83 silly mapToRegistry name nan
84 silly mapToRegistry using default registry
85 silly mapToRegistry registry https://registry.npmjs.org/
86 silly mapToRegistry data Result {
86 silly mapToRegistry   raw: 'nan',
86 silly mapToRegistry   scope: null,
86 silly mapToRegistry   escapedName: 'nan',
86 silly mapToRegistry   name: 'nan',
86 silly mapToRegistry   rawSpec: '',
86 silly mapToRegistry   spec: 'latest',
86 silly mapToRegistry   type: 'tag' }
87 silly mapToRegistry uri https://registry.npmjs.org/nan
88 verbose addNameRange registry:https://registry.npmjs.org/nan not in flight; fetching
89 verbose get https://registry.npmjs.org/nan not expired, no request
90 silly addNameRange number 2 { name: 'nan', range: '>=2.0.0', hasData: true }
91 silly addNameRange versions [ 'nan',
91 silly addNameRange   [ '0.3.0-wip',
91 silly addNameRange     '0.3.0-wip2',
91 silly addNameRange     '0.3.0',
91 silly addNameRange     '0.3.1',
91 silly addNameRange     '0.3.2',
91 silly addNameRange     '0.4.0',
91 silly addNameRange     '0.4.1',
91 silly addNameRange     '0.4.2',
91 silly addNameRange     '0.4.3',
91 silly addNameRange     '0.4.4',
91 silly addNameRange     '0.5.0',
91 silly addNameRange     '0.5.1',
91 silly addNameRange     '0.5.2',
91 silly addNameRange     '0.6.0',
91 silly addNameRange     '0.7.0',
91 silly addNameRange     '0.7.1',
91 silly addNameRange     '0.8.0',
91 silly addNameRange     '1.0.0',
91 silly addNameRange     '1.1.0',
91 silly addNameRange     '1.1.1',
91 silly addNameRange     '1.1.2',
91 silly addNameRange     '1.2.0',
91 silly addNameRange     '1.3.0',
91 silly addNameRange     '1.4.0',
91 silly addNameRange     '1.4.1',
91 silly addNameRange     '1.5.0',
91 silly addNameRange     '1.4.2',
91 silly addNameRange     '1.4.3',
91 silly addNameRange     '1.5.1',
91 silly addNameRange     '1.5.2',
91 silly addNameRange     '1.6.0',
91 silly addNameRange     '1.5.3',
91 silly addNameRange     '1.6.1',
91 silly addNameRange     '1.6.2',
91 silly addNameRange     '1.7.0',
91 silly addNameRange     '1.8.0',
91 silly addNameRange     '1.8.1',
91 silly addNameRange     '1.8.2',
91 silly addNameRange     '1.8.3',
91 silly addNameRange     '1.8.4',
91 silly addNameRange     '1.9.0',
91 silly addNameRange     '2.0.0',
91 silly addNameRange     '2.0.1',
91 silly addNameRange     '2.0.2',
91 silly addNameRange     '2.0.3',
91 silly addNameRange     '2.0.4',
91 silly addNameRange     '2.0.5',
91 silly addNameRange     '2.0.6',
91 silly addNameRange     '2.0.7',
91 silly addNameRange     '2.0.8',
91 silly addNameRange     '2.0.9',
91 silly addNameRange     '2.1.0',
91 silly addNameRange     '2.2.0',
91 silly addNameRange     '2.2.1',
91 silly addNameRange     '2.3.0',
91 silly addNameRange     '2.3.1',
91 silly addNameRange     '2.3.2',
91 silly addNameRange     '2.3.3',
91 silly addNameRange     '2.3.4',
91 silly addNameRange     '2.3.5',
91 silly addNameRange     '2.4.0' ] ]
92 silly addNamed nan@2.4.0
93 verbose addNamed "2.4.0" is a plain semver version for nan
94 silly cache afterAdd nan@2.4.0
95 verbose afterAdd C:\Users\fabry\AppData\Roaming\npm-cache\nan\2.4.0\package\package.json not in flight; writing
96 verbose correctMkdir C:\Users\fabry\AppData\Roaming\npm-cache correctMkdir not in flight; initializing
97 verbose afterAdd C:\Users\fabry\AppData\Roaming\npm-cache\nan\2.4.0\package\package.json written
98 silly loadAllDepsIntoIdealTree Finishing
99 silly loadIdealTree Finishing
100 silly currentTree drone@1.0.0
100 silly currentTree +-- accepts@1.1.4
100 silly currentTree +-- after@0.8.1
100 silly currentTree +-- array-flatten@1.1.1
100 silly currentTree +-- arraybuffer.slice@0.0.6
100 silly currentTree +-- backo2@1.0.2
100 silly currentTree +-- base64-arraybuffer@0.1.2
100 silly currentTree +-- base64id@0.1.0
100 silly currentTree +-- benchmark@1.0.0
100 silly currentTree +-- better-assert@1.0.2
100 silly currentTree +-- blob@0.0.4
100 silly currentTree +-- callsite@1.0.0
100 silly currentTree +-- component-bind@1.0.0
100 silly currentTree +-- component-emitter@1.1.2
100 silly currentTree +-- component-inherit@0.0.3
100 silly currentTree +-- content-disposition@0.5.1
100 silly currentTree +-- content-type@1.0.2
100 silly currentTree +-- cookie-signature@1.0.6
100 silly currentTree +-- cookie@0.3.1
100 silly currentTree +-- debug@2.2.0
100 silly currentTree +-- depd@1.1.0
100 silly currentTree +-- destroy@1.0.4
100 silly currentTree +-- ee-first@1.1.1
100 silly currentTree +-- encodeurl@1.0.1
100 silly currentTree +-- engine.io-client@1.6.11
100 silly currentTree | `-- ws@1.0.1
100 silly currentTree +-- engine.io-parser@1.2.4
100 silly currentTree | `-- has-binary@0.1.6
100 silly currentTree +-- engine.io@1.6.11
100 silly currentTree +-- escape-html@1.0.3
100 silly currentTree +-- etag@1.7.0
100 silly currentTree +-- express@4.14.0
100 silly currentTree | +-- accepts@1.3.3
100 silly currentTree | +-- mime-db@1.23.0
100 silly currentTree | +-- mime-types@2.1.11
100 silly currentTree | `-- negotiator@0.6.1
100 silly currentTree +-- finalhandler@0.5.0
100 silly currentTree +-- forwarded@0.1.0
100 silly currentTree +-- fresh@0.3.0
100 silly currentTree +-- has-binary@0.1.7
100 silly currentTree +-- has-cors@1.1.0
100 silly currentTree +-- http-errors@1.5.0
100 silly currentTree +-- indexof@0.0.1
100 silly currentTree +-- inherits@2.0.1
100 silly currentTree +-- ipaddr.js@1.1.1
100 silly currentTree +-- isarray@0.0.1
100 silly currentTree +-- json3@3.2.6
100 silly currentTree +-- media-typer@0.3.0
100 silly currentTree +-- merge-descriptors@1.0.1
100 silly currentTree +-- methods@1.1.2
100 silly currentTree +-- mime-db@1.12.0
100 silly currentTree +-- mime-types@2.0.14
100 silly currentTree +-- mime@1.3.4
100 silly currentTree +-- ms@0.7.1
100 silly currentTree +-- negotiator@0.4.9
100 silly currentTree +-- object-component@0.0.3
100 silly currentTree +-- on-finished@2.3.0
100 silly currentTree +-- options@0.0.6
100 silly currentTree +-- parsejson@0.0.1
100 silly currentTree +-- parseqs@0.0.2
100 silly currentTree +-- parseuri@0.0.4
100 silly currentTree +-- parseurl@1.3.1
100 silly currentTree +-- path-to-regexp@0.1.7
100 silly currentTree +-- proxy-addr@1.1.2
100 silly currentTree +-- qs@6.2.0
100 silly currentTree +-- range-parser@1.2.0
100 silly currentTree +-- send@0.14.1
100 silly currentTree +-- serve-static@1.11.1
100 silly currentTree +-- setprototypeof@1.0.1
100 silly currentTree +-- socket.io-adapter@0.4.0
100 silly currentTree | `-- socket.io-parser@2.2.2
100 silly currentTree |   `-- debug@0.7.4
100 silly currentTree +-- socket.io-client@1.4.8
100 silly currentTree | `-- component-emitter@1.2.0
100 silly currentTree +-- socket.io-parser@2.2.6
100 silly currentTree | `-- json3@3.3.2
100 silly currentTree +-- socket.io@1.4.8
100 silly currentTree +-- statuses@1.3.0
100 silly currentTree +-- to-array@0.1.4
100 silly currentTree +-- type-is@1.6.13
100 silly currentTree | +-- mime-db@1.23.0
100 silly currentTree | `-- mime-types@2.1.11
100 silly currentTree +-- ultron@1.0.2
100 silly currentTree +-- unpipe@1.0.0
100 silly currentTree +-- utf8@2.1.0
100 silly currentTree +-- utils-merge@1.0.0
100 silly currentTree +-- vary@1.1.0
100 silly currentTree +-- ws@1.1.0
100 silly currentTree +-- xmlhttprequest-ssl@1.5.1
100 silly currentTree `-- yeast@0.1.2
101 silly idealTree drone@1.0.0
101 silly idealTree +-- accepts@1.1.4
101 silly idealTree +-- after@0.8.1
101 silly idealTree +-- array-flatten@1.1.1
101 silly idealTree +-- arraybuffer.slice@0.0.6
101 silly idealTree +-- backo2@1.0.2
101 silly idealTree +-- base64-arraybuffer@0.1.2
101 silly idealTree +-- base64id@0.1.0
101 silly idealTree +-- benchmark@1.0.0
101 silly idealTree +-- better-assert@1.0.2
101 silly idealTree +-- blob@0.0.4
101 silly idealTree +-- callsite@1.0.0
101 silly idealTree +-- component-bind@1.0.0
101 silly idealTree +-- component-emitter@1.1.2
101 silly idealTree +-- component-inherit@0.0.3
101 silly idealTree +-- content-disposition@0.5.1
101 silly idealTree +-- content-type@1.0.2
101 silly idealTree +-- cookie-signature@1.0.6
101 silly idealTree +-- cookie@0.3.1
101 silly idealTree +-- debug@2.2.0
101 silly idealTree +-- depd@1.1.0
101 silly idealTree +-- destroy@1.0.4
101 silly idealTree +-- ee-first@1.1.1
101 silly idealTree +-- encodeurl@1.0.1
101 silly idealTree +-- engine.io-client@1.6.11
101 silly idealTree | `-- ws@1.0.1
101 silly idealTree +-- engine.io-parser@1.2.4
101 silly idealTree | `-- has-binary@0.1.6
101 silly idealTree +-- engine.io@1.6.11
101 silly idealTree +-- escape-html@1.0.3
101 silly idealTree +-- etag@1.7.0
101 silly idealTree +-- express@4.14.0
101 silly idealTree | +-- accepts@1.3.3
101 silly idealTree | +-- mime-db@1.23.0
101 silly idealTree | +-- mime-types@2.1.11
101 silly idealTree | `-- negotiator@0.6.1
101 silly idealTree +-- finalhandler@0.5.0
101 silly idealTree +-- forwarded@0.1.0
101 silly idealTree +-- fresh@0.3.0
101 silly idealTree +-- has-binary@0.1.7
101 silly idealTree +-- has-cors@1.1.0
101 silly idealTree +-- http-errors@1.5.0
101 silly idealTree +-- indexof@0.0.1
101 silly idealTree +-- inherits@2.0.1
101 silly idealTree +-- ipaddr.js@1.1.1
101 silly idealTree +-- isarray@0.0.1
101 silly idealTree +-- json3@3.2.6
101 silly idealTree +-- media-typer@0.3.0
101 silly idealTree +-- merge-descriptors@1.0.1
101 silly idealTree +-- methods@1.1.2
101 silly idealTree +-- mime-db@1.12.0
101 silly idealTree +-- mime-types@2.0.14
101 silly idealTree +-- mime@1.3.4
101 silly idealTree +-- ms@0.7.1
101 silly idealTree +-- nan@2.4.0
101 silly idealTree +-- negotiator@0.4.9
101 silly idealTree +-- object-component@0.0.3
101 silly idealTree +-- on-finished@2.3.0
101 silly idealTree +-- options@0.0.6
101 silly idealTree +-- parsejson@0.0.1
101 silly idealTree +-- parseqs@0.0.2
101 silly idealTree +-- parseuri@0.0.4
101 silly idealTree +-- parseurl@1.3.1
101 silly idealTree +-- path-to-regexp@0.1.7
101 silly idealTree +-- proxy-addr@1.1.2
101 silly idealTree +-- qs@6.2.0
101 silly idealTree +-- range-parser@1.2.0
101 silly idealTree +-- send@0.14.1
101 silly idealTree +-- serve-static@1.11.1
101 silly idealTree +-- setprototypeof@1.0.1
101 silly idealTree +-- sleep@3.0.1
101 silly idealTree +-- socket.io-adapter@0.4.0
101 silly idealTree | `-- socket.io-parser@2.2.2
101 silly idealTree |   `-- debug@0.7.4
101 silly idealTree +-- socket.io-client@1.4.8
101 silly idealTree | `-- component-emitter@1.2.0
101 silly idealTree +-- socket.io-parser@2.2.6
101 silly idealTree | `-- json3@3.3.2
101 silly idealTree +-- socket.io@1.4.8
101 silly idealTree +-- statuses@1.3.0
101 silly idealTree +-- to-array@0.1.4
101 silly idealTree +-- type-is@1.6.13
101 silly idealTree | +-- mime-db@1.23.0
101 silly idealTree | `-- mime-types@2.1.11
101 silly idealTree +-- ultron@1.0.2
101 silly idealTree +-- unpipe@1.0.0
101 silly idealTree +-- utf8@2.1.0
101 silly idealTree +-- utils-merge@1.0.0
101 silly idealTree +-- vary@1.1.0
101 silly idealTree +-- ws@1.1.0
101 silly idealTree +-- xmlhttprequest-ssl@1.5.1
101 silly idealTree `-- yeast@0.1.2
102 silly generateActionsToTake Starting
103 silly install generateActionsToTake
104 silly generateActionsToTake Finishing
105 silly diffTrees action count 2
106 silly diffTrees add nan@2.4.0
107 silly diffTrees add sleep@3.0.1
108 silly decomposeActions action count 16
109 silly decomposeActions fetch nan@2.4.0
110 silly decomposeActions extract nan@2.4.0
111 silly decomposeActions test nan@2.4.0
112 silly decomposeActions preinstall nan@2.4.0
113 silly decomposeActions build nan@2.4.0
114 silly decomposeActions install nan@2.4.0
115 silly decomposeActions postinstall nan@2.4.0
116 silly decomposeActions finalize nan@2.4.0
117 silly decomposeActions fetch sleep@3.0.1
118 silly decomposeActions extract sleep@3.0.1
119 silly decomposeActions test sleep@3.0.1
120 silly decomposeActions preinstall sleep@3.0.1
121 silly decomposeActions build sleep@3.0.1
122 silly decomposeActions install sleep@3.0.1
123 silly decomposeActions postinstall sleep@3.0.1
124 silly decomposeActions finalize sleep@3.0.1
125 silly executeActions Starting
126 silly install executeActions
127 silly doSerial global-install 0
128 silly doParallel fetch 2
129 verbose correctMkdir C:\Users\fabry\AppData\Roaming\npm-cache\_locks correctMkdir not in flight; initializing
130 verbose lock using C:\Users\fabry\AppData\Roaming\npm-cache\_locks\staging-f7b4de439c72dce8.lock for F:\Projects\DroneTest\nodejs\drone\node_modules\.staging
131 silly doParallel extract 2
132 silly extract nan@2.4.0
133 silly extract sleep@3.0.1
134 verbose unbuild node_modules\.staging\sleep-063e312e
135 verbose unbuild node_modules\.staging\nan-cf81a85f
136 silly gentlyRm F:\Projects\DroneTest\nodejs\drone\node_modules\.staging\sleep-063e312e is being purged from base F:\Projects\DroneTest\nodejs\drone
137 verbose gentlyRm don't care about contents; nuking F:\Projects\DroneTest\nodejs\drone\node_modules\.staging\sleep-063e312e
138 verbose tar unpack C:\Users\fabry\AppData\Roaming\npm-cache\sleep\3.0.1\package.tgz
139 verbose tar unpacking to F:\Projects\DroneTest\nodejs\drone\node_modules\.staging\sleep-063e312e
140 silly gentlyRm F:\Projects\DroneTest\nodejs\drone\node_modules\.staging\sleep-063e312e is being purged
141 verbose gentlyRm don't care about contents; nuking F:\Projects\DroneTest\nodejs\drone\node_modules\.staging\sleep-063e312e
142 silly gunzTarPerm modes [ '777', '666' ]
143 silly gentlyRm F:\Projects\DroneTest\nodejs\drone\node_modules\.staging\nan-cf81a85f is being purged from base F:\Projects\DroneTest\nodejs\drone
144 verbose gentlyRm don't care about contents; nuking F:\Projects\DroneTest\nodejs\drone\node_modules\.staging\nan-cf81a85f
145 verbose tar unpack C:\Users\fabry\AppData\Roaming\npm-cache\nan\2.4.0\package.tgz
146 verbose tar unpacking to F:\Projects\DroneTest\nodejs\drone\node_modules\.staging\nan-cf81a85f
147 silly gentlyRm F:\Projects\DroneTest\nodejs\drone\node_modules\.staging\nan-cf81a85f is being purged
148 verbose gentlyRm don't care about contents; nuking F:\Projects\DroneTest\nodejs\drone\node_modules\.staging\nan-cf81a85f
149 silly gunzTarPerm modes [ '777', '666' ]
150 silly gunzTarPerm extractEntry package.json
151 silly gunzTarPerm modified mode [ 'package.json', 436, 438 ]
152 silly gunzTarPerm extractEntry package.json
153 silly gunzTarPerm modified mode [ 'package.json', 436, 438 ]
154 silly gunzTarPerm extractEntry .npmignore
155 silly gunzTarPerm modified mode [ '.npmignore', 436, 438 ]
156 silly gunzTarPerm extractEntry README.md
157 silly gunzTarPerm modified mode [ 'README.md', 436, 438 ]
158 silly gunzTarPerm extractEntry README.md
159 silly gunzTarPerm modified mode [ 'README.md', 436, 438 ]
160 silly gunzTarPerm extractEntry include_dirs.js
161 silly gunzTarPerm modified mode [ 'include_dirs.js', 436, 438 ]
162 silly gunzTarPerm extractEntry index.js
163 silly gunzTarPerm modified mode [ 'index.js', 436, 438 ]
164 silly gunzTarPerm extractEntry test.js
165 silly gunzTarPerm modified mode [ 'test.js', 436, 438 ]
166 silly gunzTarPerm extractEntry nan_callbacks_pre_12_inl.h
167 silly gunzTarPerm modified mode [ 'nan_callbacks_pre_12_inl.h', 436, 438 ]
168 silly gunzTarPerm extractEntry CHANGELOG.md
169 silly gunzTarPerm modified mode [ 'CHANGELOG.md', 436, 438 ]
170 silly gunzTarPerm extractEntry LICENSE.md
171 silly gunzTarPerm modified mode [ 'LICENSE.md', 436, 438 ]
172 silly gunzTarPerm extractEntry LICENSE.txt
173 silly gunzTarPerm modified mode [ 'LICENSE.txt', 436, 438 ]
174 silly gunzTarPerm extractEntry binding.gyp
175 silly gunzTarPerm modified mode [ 'binding.gyp', 436, 438 ]
176 silly gunzTarPerm extractEntry doc/node_misc.md
177 silly gunzTarPerm modified mode [ 'doc/node_misc.md', 436, 438 ]
178 silly gunzTarPerm extractEntry sleep.cc
179 silly gunzTarPerm modified mode [ 'sleep.cc', 436, 438 ]
180 silly gunzTarPerm extractEntry doc/asyncworker.md
181 silly gunzTarPerm modified mode [ 'doc/asyncworker.md', 436, 438 ]
182 silly gunzTarPerm extractEntry doc/callback.md
183 silly gunzTarPerm modified mode [ 'doc/callback.md', 436, 438 ]
184 silly gunzTarPerm extractEntry doc/converters.md
185 silly gunzTarPerm modified mode [ 'doc/converters.md', 436, 438 ]
186 silly gunzTarPerm extractEntry doc/errors.md
187 silly gunzTarPerm modified mode [ 'doc/errors.md', 436, 438 ]
188 silly gunzTarPerm extractEntry doc/maybe_types.md
189 silly gunzTarPerm modified mode [ 'doc/maybe_types.md', 436, 438 ]
190 silly gunzTarPerm extractEntry doc/methods.md
191 silly gunzTarPerm modified mode [ 'doc/methods.md', 436, 438 ]
192 silly gunzTarPerm extractEntry doc/new.md
193 silly gunzTarPerm modified mode [ 'doc/new.md', 436, 438 ]
194 silly gunzTarPerm extractEntry doc/buffers.md
195 silly gunzTarPerm modified mode [ 'doc/buffers.md', 436, 438 ]
196 silly gunzTarPerm extractEntry doc/object_wrappers.md
197 silly gunzTarPerm modified mode [ 'doc/object_wrappers.md', 436, 438 ]
198 silly gunzTarPerm extractEntry doc/persistent.md
199 silly gunzTarPerm modified mode [ 'doc/persistent.md', 436, 438 ]
200 silly gunzTarPerm extractEntry doc/scopes.md
201 silly gunzTarPerm modified mode [ 'doc/scopes.md', 436, 438 ]
202 silly gunzTarPerm extractEntry doc/script.md
203 silly gunzTarPerm modified mode [ 'doc/script.md', 436, 438 ]
204 silly gunzTarPerm extractEntry doc/string_bytes.md
205 silly gunzTarPerm modified mode [ 'doc/string_bytes.md', 436, 438 ]
206 silly gentlyRm F:\Projects\DroneTest\nodejs\drone\node_modules\.staging\sleep-063e312e\node_modules is being purged
207 verbose gentlyRm don't care about contents; nuking F:\Projects\DroneTest\nodejs\drone\node_modules\.staging\sleep-063e312e\node_modules
208 silly gunzTarPerm extractEntry doc/v8_internals.md
209 silly gunzTarPerm modified mode [ 'doc/v8_internals.md', 436, 438 ]
210 silly gunzTarPerm extractEntry doc/v8_misc.md
211 silly gunzTarPerm modified mode [ 'doc/v8_misc.md', 436, 438 ]
212 silly gunzTarPerm extractEntry nan.h
213 silly gunzTarPerm modified mode [ 'nan.h', 436, 438 ]
214 silly gunzTarPerm extractEntry nan_callbacks.h
215 silly gunzTarPerm modified mode [ 'nan_callbacks.h', 436, 438 ]
216 silly gunzTarPerm extractEntry nan_callbacks_12_inl.h
217 silly gunzTarPerm modified mode [ 'nan_callbacks_12_inl.h', 436, 438 ]
218 silly gunzTarPerm extractEntry nan_converters.h
219 silly gunzTarPerm modified mode [ 'nan_converters.h', 436, 438 ]
220 silly gunzTarPerm extractEntry nan_converters_43_inl.h
221 silly gunzTarPerm modified mode [ 'nan_converters_43_inl.h', 436, 438 ]
222 silly gunzTarPerm extractEntry nan_converters_pre_43_inl.h
223 silly gunzTarPerm modified mode [ 'nan_converters_pre_43_inl.h', 436, 438 ]
224 silly gunzTarPerm extractEntry nan_implementation_12_inl.h
225 silly gunzTarPerm modified mode [ 'nan_implementation_12_inl.h', 436, 438 ]
226 silly gunzTarPerm extractEntry nan_implementation_pre_12_inl.h
227 silly gunzTarPerm modified mode [ 'nan_implementation_pre_12_inl.h', 436, 438 ]
228 silly gunzTarPerm extractEntry nan_maybe_43_inl.h
229 silly gunzTarPerm modified mode [ 'nan_maybe_43_inl.h', 436, 438 ]
230 silly gunzTarPerm extractEntry nan_maybe_pre_43_inl.h
231 silly gunzTarPerm modified mode [ 'nan_maybe_pre_43_inl.h', 436, 438 ]
232 silly gunzTarPerm extractEntry nan_new.h
233 silly gunzTarPerm modified mode [ 'nan_new.h', 436, 438 ]
234 silly gunzTarPerm extractEntry nan_object_wrap.h
235 silly gunzTarPerm modified mode [ 'nan_object_wrap.h', 436, 438 ]
236 silly gunzTarPerm extractEntry nan_persistent_12_inl.h
237 silly gunzTarPerm modified mode [ 'nan_persistent_12_inl.h', 436, 438 ]
238 silly gunzTarPerm extractEntry nan_persistent_pre_12_inl.h
239 silly gunzTarPerm modified mode [ 'nan_persistent_pre_12_inl.h', 436, 438 ]
240 silly gunzTarPerm extractEntry nan_string_bytes.h
241 silly gunzTarPerm modified mode [ 'nan_string_bytes.h', 436, 438 ]
242 silly gunzTarPerm extractEntry nan_typedarray_contents.h
243 silly gunzTarPerm modified mode [ 'nan_typedarray_contents.h', 436, 438 ]
244 silly gunzTarPerm extractEntry nan_weak.h
245 silly gunzTarPerm modified mode [ 'nan_weak.h', 436, 438 ]
246 silly gunzTarPerm extractEntry tools/package.json
247 silly gunzTarPerm modified mode [ 'tools/package.json', 436, 438 ]
248 silly gunzTarPerm extractEntry tools/README.md
249 silly gunzTarPerm modified mode [ 'tools/README.md', 436, 438 ]
250 silly gunzTarPerm extractEntry tools/1to2.js
251 silly gunzTarPerm modified mode [ 'tools/1to2.js', 509, 511 ]
252 silly gentlyRm F:\Projects\DroneTest\nodejs\drone\node_modules\.staging\nan-cf81a85f\node_modules is being purged
253 verbose gentlyRm don't care about contents; nuking F:\Projects\DroneTest\nodejs\drone\node_modules\.staging\nan-cf81a85f\node_modules
254 silly doParallel preinstall 2
255 silly preinstall nan@2.4.0 F:\Projects\DroneTest\nodejs\drone\node_modules\.staging\nan-cf81a85f
256 info lifecycle nan@2.4.0~preinstall: nan@2.4.0
257 silly preinstall sleep@3.0.1 F:\Projects\DroneTest\nodejs\drone\node_modules\.staging\sleep-063e312e
258 info lifecycle sleep@3.0.1~preinstall: sleep@3.0.1
259 silly lifecycle nan@2.4.0~preinstall: no script for preinstall, continuing
260 silly lifecycle sleep@3.0.1~preinstall: no script for preinstall, continuing
261 silly doReverseSerial remove 0
262 silly doSerial move 0
263 silly doSerial finalize 2
264 silly finalize F:\Projects\DroneTest\nodejs\drone\node_modules\nan
265 silly finalize F:\Projects\DroneTest\nodejs\drone\node_modules\sleep
266 silly doSerial build 2
267 silly build nan@2.4.0
268 info linkStuff nan@2.4.0
269 silly linkStuff nan@2.4.0 has F:\Projects\DroneTest\nodejs\drone\node_modules as its parent node_modules
270 verbose linkBins nan@2.4.0
271 verbose linkMans nan@2.4.0
272 silly build sleep@3.0.1
273 info linkStuff sleep@3.0.1
274 silly linkStuff sleep@3.0.1 has F:\Projects\DroneTest\nodejs\drone\node_modules as its parent node_modules
275 verbose linkBins sleep@3.0.1
276 verbose linkMans sleep@3.0.1
277 silly doSerial global-link 0
278 silly doParallel update-linked 0
279 silly doSerial install 2
280 silly install nan@2.4.0 F:\Projects\DroneTest\nodejs\drone\node_modules\.staging\nan-cf81a85f
281 info lifecycle nan@2.4.0~install: nan@2.4.0
282 silly lifecycle nan@2.4.0~install: no script for install, continuing
283 silly install sleep@3.0.1 F:\Projects\DroneTest\nodejs\drone\node_modules\.staging\sleep-063e312e
284 info lifecycle sleep@3.0.1~install: sleep@3.0.1
285 verbose lifecycle sleep@3.0.1~install: unsafe-perm in lifecycle true
286 verbose lifecycle sleep@3.0.1~install: PATH: C:\Users\fabry\AppData\Roaming\npm\node_modules\npm\bin\node-gyp-bin;F:\Projects\DroneTest\nodejs\drone\node_modules\sleep\node_modules\.bin;F:\Projects\DroneTest\nodejs\drone\node_modules\.bin;C:\Program Files\nodejs;C:\Users\fabry\bin;C:\Program Files\Git\mingw64\bin;C:\Program Files\Git\usr\local\bin;C:\Program Files\Git\usr\bin;C:\Program Files\Git\usr\bin;C:\Program Files\Git\mingw64\bin;C:\Program Files\Git\usr\bin;C:\Users\fabry\bin;C:\ProgramData\Oracle\Java\javapath;C:\WINDOWS\system32;C:\WINDOWS;C:\WINDOWS\System32\Wbem;C:\WINDOWS\System32\WindowsPowerShell\v1.0;C:\Program Files (x86)\Windows Live\Shared;C:\Program Files\FileBot;C:\Users\fabry\.dnx\bin;C:\Program Files\Microsoft DNX\Dnvm;C:\Program Files (x86)\Windows Kits\10\Windows Performance Toolkit;C:\Program Files (x86)\NVIDIA Corporation\PhysX\Common;C:\Program Files (x86)\Calibre2;F:\SDK\Andorid\tools;F:\SDK\Andorid\platform-tools;C:\Program Files (x86)\EaseUS\Todo Backup\bin;C:\Program Files (x86)\Java\jdk1.8.0_66\bin;C:\Users\fabry\AppData\Roaming\npm;C:\Program Files\Git\cmd;C:\WINDOWS\system32\config\systemprofile\.dnx\bin;C:\Program Files\Microsoft DNX\Dnvm;C:\WINDOWS\SysWOW64\WindowsPowerShell\v1.0\Modules\TShell\TShell;C:\Program Files (x86)\Microsoft Emulator Manager\1.0;C:\HashiCorp\Vagrant\bin;C:\Program Files (x86)\Heroku\bin;C:\Program Files (x86)\git\cmd;C:\Program Files (x86)\Git\cmd;C:\Program Files (x86)\Skype\Phone;C:\Program Files\nodejs;C:\Program Files (x86)\Graphviz2.38\bin;C:\Program Files (x86)\Java\jdk1.7.0_40\bin;C:\Users\fabry\AppData\Local\atom\bin;C:\Program Files (x86)\Microsoft VS Code\bin;C:\Users\fabry\AppData\Roaming\npm;C:\Program Files\Git\usr\bin\vendor_perl;C:\Program Files\Git\usr\bin\core_perl
287 verbose lifecycle sleep@3.0.1~install: CWD: F:\Projects\DroneTest\nodejs\drone\node_modules\sleep
288 silly lifecycle sleep@3.0.1~install: Args: [ '/d /s /c', 'node-gyp rebuild' ]
289 silly lifecycle sleep@3.0.1~install: Returned: code: 1  signal: null
290 info lifecycle sleep@3.0.1~install: Failed to exec install script
291 verbose unlock done using C:\Users\fabry\AppData\Roaming\npm-cache\_locks\staging-f7b4de439c72dce8.lock for F:\Projects\DroneTest\nodejs\drone\node_modules\.staging
292 silly rollbackFailedOptional Starting
293 silly rollbackFailedOptional Finishing
294 silly runTopLevelLifecycles Starting
295 silly runTopLevelLifecycles Finishing
296 silly install printInstalled
297 warn drone@1.0.0 No description
298 warn drone@1.0.0 No repository field.
299 verbose stack Error: sleep@3.0.1 install: `node-gyp rebuild`
299 verbose stack Exit status 1
299 verbose stack     at EventEmitter.<anonymous> (C:\Users\fabry\AppData\Roaming\npm\node_modules\npm\lib\utils\lifecycle.js:242:16)
299 verbose stack     at emitTwo (events.js:87:13)
299 verbose stack     at EventEmitter.emit (events.js:172:7)
299 verbose stack     at ChildProcess.<anonymous> (C:\Users\fabry\AppData\Roaming\npm\node_modules\npm\lib\utils\spawn.js:40:14)
299 verbose stack     at emitTwo (events.js:87:13)
299 verbose stack     at ChildProcess.emit (events.js:172:7)
299 verbose stack     at maybeClose (internal/child_process.js:827:16)
299 verbose stack     at Process.ChildProcess._handle.onexit (internal/child_process.js:211:5)
300 verbose pkgid sleep@3.0.1
301 verbose cwd F:\Projects\DroneTest\nodejs\drone
302 error Windows_NT 10.0.10240
303 error argv "C:\\Program Files\\nodejs\\node.exe" "C:\\Users\\fabry\\AppData\\Roaming\\npm\\node_modules\\npm\\bin\\npm-cli.js" "install" "sleep"
304 error node v4.4.7
305 error npm  v3.10.5
306 error code ELIFECYCLE
307 error sleep@3.0.1 install: `node-gyp rebuild`
307 error Exit status 1
308 error Failed at the sleep@3.0.1 install script 'node-gyp rebuild'.
308 error Make sure you have the latest version of node.js and npm installed.
308 error If you do, this is most likely a problem with the sleep package,
308 error not with npm itself.
308 error Tell the author that this fails on your system:
308 error     node-gyp rebuild
308 error You can get information on how to open an issue for this project with:
308 error     npm bugs sleep
308 error Or if that isn't available, you can get their info via:
308 error     npm owner ls sleep
308 error There is likely additional logging output above.
309 verbose exit [ 1, true ]
